[2025-06-07 17:07:23] [INFO] [config/lib/environment_setup.sh] Logging system fully initialized. Current script log file: '/home/cjz/archlinux-post-install-scripts-v1.0/logs/2025-06-07/main_menu-20250607_170723.log'.
[2025-06-07 17:07:23] [INFO] [config/lib/environment_setup.sh] Logging system fully initialized. Current script log file: '/home/cjz/archlinux-post-install-scripts-v1.0/logs/2025-06-07/main_menu-20250607_170723.log'.
[2025-06-07 17:07:23] [INFO] [config/lib/environment_setup.sh] в•”ввввввввввввввввввввввввввввввввввввввввввввввввввввввввввввввввввввввввввввввв•—
[2025-06-07 17:07:23] [INFO] [config/lib/environment_setup.sh] в•‘                          Environment Setup Summary                           в•‘
[2025-06-07 17:07:23] [INFO] [config/lib/environment_setup.sh] в•љввввввввввввввввввввввввввввввввввввввввввввввввввввввввввввввввввввввввввввввв•ќ
[2025-06-07 17:07:23] [SUMMARY] [unknown] --------------------------------------------------
[2025-06-07 17:07:23] [SUMMARY] [unknown] Project: Arch Linux Post-Installation Setup v1.0
[2025-06-07 17:07:23] [SUMMARY] [unknown] Author: Your Name/Organization
[2025-06-07 17:07:23] [SUMMARY] [unknown] Description: A modular script project for automating Arch Linux post-installation configuration and software setup.
[2025-06-07 17:07:23] [SUMMARY] [unknown] --------------------------------------------------
[2025-06-07 17:07:23] [SUMMARY] [unknown] Running as: root (Original User: cjz, Home: /home/cjz)
[2025-06-07 17:07:23] [SUMMARY] [unknown] Project Root: /home/cjz/archlinux-post-install-scripts-v1.0
[2025-06-07 17:07:23] [SUMMARY] [unknown] Log Directory: /home/cjz/archlinux-post-install-scripts-v1.0/logs/2025-06-07
[2025-06-07 17:07:23] [SUMMARY] [unknown] Current Log File: /home/cjz/archlinux-post-install-scripts-v1.0/logs/2025-06-07/main_menu-20250607_170723.log
[2025-06-07 17:07:23] [SUMMARY] [unknown] Debug Mode: Enabled
[2025-06-07 17:07:23] [SUMMARY] [unknown] Colors: Enabled
[2025-06-07 17:07:23] [SUMMARY] [unknown] --------------------------------------------------
[2025-06-07 17:07:23] [INFO] [config/lib/environment_setup.sh] Environment setup completed successfully. Please review the above details and the log file.
[2025-06-07 17:07:27] [DEBUG] [config/lib/environment_setup.sh] Environment setup complete. All core variables exported.
[2025-06-07 17:07:27] [INFO] [config/main_menu.sh] Starting Main Menu for Arch Linux Post-Installation Setup v1.0.
[2025-06-07 17:07:27] [DEBUG] [config/main_menu.sh] Detected BASE_DIR: /home/cjz/archlinux-post-install-scripts-v1.0
[2025-06-07 17:07:27] [DEBUG] [config/main_menu.sh] Detected ORIGINAL_USER: cjz (Home: /home/cjz)
[2025-06-07 17:07:27] [INFO] [config/main_menu.sh] ============================================================
[2025-06-07 17:07:27] [INFO] [config/main_menu.sh] >>> Main Configuration Menu ===============================
[2025-06-07 17:07:27] [INFO] [config/main_menu.sh] ============================================================
[2025-06-07 17:07:27] [INFO] [config/main_menu.sh] Please choose a section to configure:
[2025-06-07 17:07:27] [INFO] [config/main_menu.sh] --------------------------------------------------
[2025-06-07 17:07:27] [INFO] [config/main_menu.sh]   1. System Base Configuration      (зЅ‘з»њгЂЃй•њеѓЏгЂЃж—¶еЊєз­‰)
[2025-06-07 17:07:27] [INFO] [config/main_menu.sh]   2. Package Management             (AUR еЉ©ж‰‹гЂЃPacman Hook)
[2025-06-07 17:07:27] [INFO] [config/main_menu.sh]   3. User Environment Setup         (ShellгЂЃз‚№ж–‡д»¶гЂЃзј–иѕ‘е™Ёз­‰)
[2025-06-07 17:07:27] [INFO] [config/main_menu.sh]   4. Software Installation          (еёёз”ЁгЂЃз‰№е®љеє”з”Ё)
[2025-06-07 17:07:27] [INFO] [config/main_menu.sh]   5. Cleanup and Finish             (жё…зђ†гЂЃз”џж€ђжЉҐе‘Љ)
[2025-06-07 17:07:27] [INFO] [config/main_menu.sh]   0. Exit Script
[2025-06-07 17:07:27] [INFO] [config/main_menu.sh] --------------------------------------------------
[2025-06-07 17:13:28] [INFO] [process_main_menu_choice] Exiting the setup script. Goodbye!
