[2025-06-07 18:18:05] [INFO] [config/lib/environment_setup.sh] Log file '/home/cjz/archlinux-post-install-scripts-v1.0/logs/2025-06-07/main_menu-20250607_181805.log' created.
[2025-06-07 18:18:05] [DEBUG] [config/lib/environment_setup.sh] Permissions 644 set for '/home/cjz/archlinux-post-install-scripts-v1.0/logs/2025-06-07/main_menu-20250607_181805.log'.
[2025-06-07 18:18:05] [DEBUG] [config/lib/environment_setup.sh] Ownership of '/home/cjz/archlinux-post-install-scripts-v1.0/logs/2025-06-07/main_menu-20250607_181805.log' changed to 'cjz'.
[2025-06-07 18:18:05] [INFO] [config/lib/environment_setup.sh] Logging system fully initialized. Current script log file: '/home/cjz/archlinux-post-install-scripts-v1.0/logs/2025-06-07/main_menu-20250607_181805.log'.
[2025-06-07 18:18:05] [INFO] [config/lib/environment_setup.sh] Logging system fully initialized. Current script log file: '/home/cjz/archlinux-post-install-scripts-v1.0/logs/2025-06-07/main_menu-20250607_181805.log'.
[2025-06-07 18:18:05] [SUMMARY] [main_menu.sh] +------------------------------------------------------------------------------+
[2025-06-07 18:18:05] [SUMMARY] [main_menu.sh] -                          Environment Setup Summary                           -
[2025-06-07 18:18:05] [SUMMARY] [main_menu.sh] +------------------------------------------------------------------------------+
[2025-06-07 18:18:05] [SUMMARY] [main_menu.sh] --------------------------------------------------
[2025-06-07 18:18:05] [SUMMARY] [main_menu.sh] Project: Arch Linux Post-Installation Setup v1.0
[2025-06-07 18:18:05] [SUMMARY] [main_menu.sh] Author: Your Name/Organization
[2025-06-07 18:18:05] [SUMMARY] [main_menu.sh] Description: A modular script project for automating Arch Linux post-installation configuration and software setup.
[2025-06-07 18:18:05] [SUMMARY] [main_menu.sh] --------------------------------------------------
[2025-06-07 18:18:05] [SUMMARY] [main_menu.sh] Running as: root (Original User: cjz, Home: /home/cjz)
[2025-06-07 18:18:05] [SUMMARY] [main_menu.sh] Project Root: /home/cjz/archlinux-post-install-scripts-v1.0
[2025-06-07 18:18:05] [SUMMARY] [main_menu.sh] Log Directory: /home/cjz/archlinux-post-install-scripts-v1.0/logs/2025-06-07
[2025-06-07 18:18:05] [SUMMARY] [main_menu.sh] Current Log File: /home/cjz/archlinux-post-install-scripts-v1.0/logs/2025-06-07/main_menu-20250607_181805.log
[2025-06-07 18:18:05] [SUMMARY] [main_menu.sh] Debug Mode: Enabled
[2025-06-07 18:18:05] [SUMMARY] [main_menu.sh] Colors: Enabled
[2025-06-07 18:18:05] [SUMMARY] [main_menu.sh] --------------------------------------------------
[2025-06-07 18:18:05] [INFO] [config/lib/environment_setup.sh] Environment setup completed successfully. Please review the above details and the log file.
[2025-06-07 18:18:23] [DEBUG] [config/lib/environment_setup.sh] Environment setup complete. All core variables exported.
[2025-06-07 18:18:23] [INFO] [config/main_menu.sh] Starting Main Menu for Arch Linux Post-Installation Setup v1.0.
[2025-06-07 18:18:23] [DEBUG] [config/main_menu.sh] Detected BASE_DIR: /home/cjz/archlinux-post-install-scripts-v1.0
[2025-06-07 18:18:23] [DEBUG] [config/main_menu.sh] Detected ORIGINAL_USER: cjz (Home: /home/cjz)
[2025-06-07 18:18:23] [SUMMARY] [main_menu.sh] ============================================================
[2025-06-07 18:18:23] [SUMMARY] [main_menu.sh] >>> Main Configuration Menu ===============================
[2025-06-07 18:18:23] [SUMMARY] [main_menu.sh] ============================================================
[2025-06-07 18:18:23] [INFO] [config/main_menu.sh] Please choose a section to configure:
[2025-06-07 18:18:24] [INFO] [config/main_menu.sh] --------------------------------------------------
[2025-06-07 18:18:24] [INFO] [config/main_menu.sh]   1. System Base Configuration      (网络、镜像、时区等)
[2025-06-07 18:18:24] [INFO] [config/main_menu.sh]   2. Package Management             (AUR 助手、Pacman Hook)
[2025-06-07 18:18:24] [INFO] [config/main_menu.sh]   3. User Environment Setup         (Shell、点文件、编辑器等)
[2025-06-07 18:18:24] [INFO] [config/main_menu.sh]   4. Software Installation          (常用、特定应用)
[2025-06-07 18:18:24] [INFO] [config/main_menu.sh]   5. Cleanup and Finish             (清理、生成报告)
[2025-06-07 18:18:24] [INFO] [config/main_menu.sh]   0. Exit Script
[2025-06-07 18:18:24] [INFO] [config/main_menu.sh] --------------------------------------------------
