[2025-06-07 17:05:54] [INFO] [config/lib/environment_setup.sh] Logging system fully initialized. Current script log file: '/home/cjz/archlinux-post-install-scripts-v1.0/logs/2025-06-07/run_setup-20250607_170554.log'.
[2025-06-07 17:05:54] [INFO] [config/lib/environment_setup.sh] Logging system fully initialized. Current script log file: '/home/cjz/archlinux-post-install-scripts-v1.0/logs/2025-06-07/run_setup-20250607_170554.log'.
[2025-06-07 17:05:54] [INFO] [config/lib/environment_setup.sh] ============================================================
[2025-06-07 17:05:54] [INFO] [config/lib/environment_setup.sh] >>> Environment Setup Summary =============================
[2025-06-07 17:05:54] [INFO] [config/lib/environment_setup.sh] ============================================================
[2025-06-07 17:05:54] [SUMMARY] [unknown] --------------------------------------------------
[2025-06-07 17:05:54] [SUMMARY] [unknown] Project: Arch Linux Post-Installation Setup v1.0
[2025-06-07 17:05:54] [SUMMARY] [unknown] Author: Your Name/Organization
[2025-06-07 17:05:54] [SUMMARY] [unknown] Description: A modular script project for automating Arch Linux post-installation configuration and software setup.
[2025-06-07 17:05:54] [SUMMARY] [unknown] --------------------------------------------------
[2025-06-07 17:05:54] [SUMMARY] [unknown] Running as: root (Original User: cjz, Home: /home/cjz)
[2025-06-07 17:05:54] [SUMMARY] [unknown] Project Root: /home/cjz/archlinux-post-install-scripts-v1.0
[2025-06-07 17:05:54] [SUMMARY] [unknown] Log Directory: /home/cjz/archlinux-post-install-scripts-v1.0/logs/2025-06-07
[2025-06-07 17:05:54] [SUMMARY] [unknown] Current Log File: /home/cjz/archlinux-post-install-scripts-v1.0/logs/2025-06-07/run_setup-20250607_170554.log
[2025-06-07 17:05:54] [SUMMARY] [unknown] Debug Mode: Enabled
[2025-06-07 17:05:54] [SUMMARY] [unknown] Colors: Enabled
[2025-06-07 17:05:54] [SUMMARY] [unknown] --------------------------------------------------
[2025-06-07 17:05:54] [INFO] [config/lib/environment_setup.sh] Environment setup completed successfully. Please review the above details and the log file.
[2025-06-07 17:06:21] [DEBUG] [config/lib/environment_setup.sh] Environment setup complete. All core variables exported.
[2025-06-07 17:06:21] [INFO] [run_setup.sh] в•”ввввввввввввввввввввввввввввввввввввввввввввввввввввввввввввввввввввввввввввввв•—
[2025-06-07 17:06:21] [INFO] [run_setup.sh] в•‘                   Arch Linux Post-Installation Setup v1.0                    в•‘
[2025-06-07 17:06:21] [INFO] [run_setup.sh] в•љввввввввввввввввввввввввввввввввввввввввввввввввввввввввввввввввввввввввввввввв•ќ
[2025-06-07 17:06:21] [INFO] [run_setup.sh] Welcome to the Arch Linux Post-Installation Setup script!
[2025-06-07 17:06:21] [INFO] [run_setup.sh] This script will guide you through configuring your Arch Linux system.
[2025-06-07 17:06:21] [INFO] [run_setup.sh] All operations are logged to: /home/cjz/archlinux-post-install-scripts-v1.0/logs/2025-06-07/run_setup-20250607_170554.log
[2025-06-07 17:06:21] [INFO] [run_setup.sh] Running as user: root (Original user: cjz, Home: /home/cjz)
[2025-06-07 17:06:21] [INFO] [run_setup.sh] Starting main configuration menu...
[2025-06-07 17:06:21] [INFO] [config/lib/environment_setup.sh] utils.sh sourced. Core utilities and logging functions are now available.
[2025-06-07 17:06:21] [DEBUG] [config/lib/environment_setup.sh] Root privileges confirmed.
[2025-06-07 17:06:21] [INFO] [config/lib/environment_setup.sh] BASE_DIR confirmed: '/home/cjz/archlinux-post-install-scripts-v1.0'.
[2025-06-07 17:06:21] [DEBUG] [config/lib/environment_setup.sh] Core directory variables defined: CONFIG_DIR=/home/cjz/archlinux-post-install-scripts-v1.0/config, LIB_DIR=/home/cjz/archlinux-post-install-scripts-v1.0/config/lib, MODULES_DIR=/home/cjz/archlinux-post-install-scripts-v1.0/config/modules, ASSETS_DIR=/home/cjz/archlinux-post-install-scripts-v1.0/config/assets
[2025-06-07 17:06:21] [DEBUG] [config/lib/environment_setup.sh] Determining original user and home directory...
[2025-06-07 17:06:21] [DEBUG] [config/lib/environment_setup.sh] ORIGINAL_USER already set in environment: cjz.
[2025-06-07 17:06:21] [DEBUG] [config/lib/environment_setup.sh] Sourcing main_config.sh from '/home/cjz/archlinux-post-install-scripts-v1.0/config/main_config.sh'...
[2025-06-07 17:06:21] [INFO] [config/lib/environment_setup.sh] main_config.sh loaded. PROJECT_NAME: Arch Linux Post-Installation Setup, LOG_ROOT: /home/cjz/archlinux-post-install-scripts-v1.0/logs, DEBUG_MODE: true.
[2025-06-07 17:06:21] [DEBUG] [config/lib/environment_setup.sh] Initializing logging system fully...
[2025-06-07 17:06:21] [DEBUG] [config/lib/environment_setup.sh] Current day's log directory set to: '/home/cjz/archlinux-post-install-scripts-v1.0/logs/2025-06-07'.
[2025-06-07 17:06:21] [DEBUG] [config/lib/environment_setup.sh] Ensuring log directory '/home/cjz/archlinux-post-install-scripts-v1.0/logs/2025-06-07' is prepared for user 'cjz'...
[2025-06-07 17:06:21] [INFO] [config/lib/environment_setup.sh] Checking/creating log directory '/home/cjz/archlinux-post-install-scripts-v1.0/logs/2025-06-07' for user 'cjz'...
[2025-06-07 17:06:21] [INFO] [config/lib/environment_setup.sh] Log directory '/home/cjz/archlinux-post-install-scripts-v1.0/logs/2025-06-07' is writable by 'cjz'.
[2025-06-07 17:06:21] [INFO] [config/lib/environment_setup.sh] Log directory '/home/cjz/archlinux-post-install-scripts-v1.0/logs/2025-06-07' confirmed ready.
[2025-06-07 17:06:21] [DEBUG] [config/lib/environment_setup.sh] Initializing logging system for current script: '/home/cjz/archlinux-post-install-scripts-v1.0/config/main_menu.sh'...
