[2025-06-07 18:44:42] [INFO] [config/lib/environment_setup.sh] Log file '/home/cjz/archlinux-post-install-scripts-v1.0/logs/2025-06-07/run_setup-20250607_184442.log' created.
[2025-06-07 18:44:42] [DEBUG] [config/lib/environment_setup.sh] Permissions 644 set for '/home/cjz/archlinux-post-install-scripts-v1.0/logs/2025-06-07/run_setup-20250607_184442.log'.
[2025-06-07 18:44:42] [DEBUG] [config/lib/environment_setup.sh] Ownership of '/home/cjz/archlinux-post-install-scripts-v1.0/logs/2025-06-07/run_setup-20250607_184442.log' changed to 'cjz'.
[2025-06-07 18:44:42] [INFO] [config/lib/environment_setup.sh] Logging system fully initialized. Current script log file: '/home/cjz/archlinux-post-install-scripts-v1.0/logs/2025-06-07/run_setup-20250607_184442.log'.
[2025-06-07 18:44:42] [INFO] [config/lib/environment_setup.sh] Logging system fully initialized. Current script log file: '/home/cjz/archlinux-post-install-scripts-v1.0/logs/2025-06-07/run_setup-20250607_184442.log'.
[2025-06-07 18:44:42] [SUMMARY] [run_setup.sh] +------------------------------------------------------------------------------+
[2025-06-07 18:44:42] [SUMMARY] [run_setup.sh] -                          Environment Setup Summary                           -
[2025-06-07 18:44:42] [SUMMARY] [run_setup.sh] +------------------------------------------------------------------------------+
[2025-06-07 18:44:42] [SUMMARY] [run_setup.sh] --------------------------------------------------
[2025-06-07 18:44:42] [SUMMARY] [run_setup.sh] Project: Arch Linux Post-Installation Setup v1.0
[2025-06-07 18:44:42] [SUMMARY] [run_setup.sh] Author: Your Name/Organization
[2025-06-07 18:44:42] [SUMMARY] [run_setup.sh] Description: A modular script project for automating Arch Linux post-installation configuration and software setup.
[2025-06-07 18:44:42] [SUMMARY] [run_setup.sh] --------------------------------------------------
[2025-06-07 18:44:42] [SUMMARY] [run_setup.sh] Running as: root (Original User: cjz, Home: /home/cjz)
[2025-06-07 18:44:42] [SUMMARY] [run_setup.sh] Project Root: /home/cjz/archlinux-post-install-scripts-v1.0
[2025-06-07 18:44:42] [SUMMARY] [run_setup.sh] Log Directory: /home/cjz/archlinux-post-install-scripts-v1.0/logs/2025-06-07
[2025-06-07 18:44:42] [SUMMARY] [run_setup.sh] Current Log File: /home/cjz/archlinux-post-install-scripts-v1.0/logs/2025-06-07/run_setup-20250607_184442.log
[2025-06-07 18:44:42] [SUMMARY] [run_setup.sh] Debug Mode: Enabled
[2025-06-07 18:44:42] [SUMMARY] [run_setup.sh] Colors: Enabled
[2025-06-07 18:44:42] [SUMMARY] [run_setup.sh] --------------------------------------------------
[2025-06-07 18:44:42] [INFO] [config/lib/environment_setup.sh] Environment setup completed successfully. Please review the above details and the log file.
